<?xml version="1.0" encoding="UTF-8"?>
<!-- Generated by org.testng.reporters.JUnitXMLReporter -->
<testsuite ignored="0" hostname="DESKTOP-7OF1B4P" failures="1" tests="1" name="EdgeTest" time="26.672" errors="0" timestamp="2025-03-19T12:11:34 IST">
  <testcase classname="testCases.TC_001_Accountregistrationtest" name="account_verification_msg" time="20.482">
    <failure type="java.lang.AssertionError" message="null">
      <![CDATA[java.lang.AssertionError: null
at testCases.TC_001_Accountregistrationtest.account_verification_msg(TC_001_Accountregistrationtest.java:41)
at java.base/java.util.ArrayList.forEach(ArrayList.java:1597)
at java.base/java.util.concurrent.FutureTask.run(FutureTask.java:317)
at java.base/java.util.concurrent.ThreadPoolExecutor.runWorker(ThreadPoolExecutor.java:1144)
at java.base/java.util.concurrent.ThreadPoolExecutor$Worker.run(ThreadPoolExecutor.java:642)
at java.base/java.lang.Thread.run(Thread.java:1575)
... Removed 17 stack frames]]>
    </failure>
  </testcase> <!-- account_verification_msg -->
</testsuite> <!-- EdgeTest -->
